    Root	=	1	Cov(NI,	NJ):			
	0.02550829	-0.00759149	-0.00017893	-0.0004038	-0.00018108	-0.00759755	-0.00955544;
    -0.00759149	0.02551065	-0.00759694	-0.00018174	-0.00040329	-0.0001787	-0.0095585;
    -0.00017893	-0.00759694	0.02548365	-0.00759733	-0.00017889	-0.00040443	-0.00952713;
    -0.0004038	-0.00018174	-0.00759733	0.02550731	-0.00759024	-0.00017861	-0.00955559;
    -0.00018108	-0.00040329	-0.00017889	-0.00759024	0.02551021	-0.0075972	-0.0095595;
    -0.00759755	-0.0001787	-0.00040443	-0.00017861	-0.0075972	0.02548714	-0.00953065;
    -0.00955544	-0.0095585	-0.00952713	-0.00955559	-0.0095595	-0.00953065	0.05728681
	*	κ2(Sz)	*************************				
	Root	=	1	Cov(SzI,	SzJ):		
	0.00925446	-0.0027587	-0.00004766	-0.00013415	-0.00004725	-0.00276328	-0.00350342;
    -0.0027587	0.00925935	-0.00276279	-0.00004727	-0.00013475	-0.00004721	-0.00350864;
    -0.00013415	-0.00004727	0.00925467	-0.00276338	-0.00004716	-0.00013419	-0.0034995;
    -0.00004766	-0.00276279	-0.00276338	0.00925471	-0.00275859	-0.00004761	-0.00350371;
    -0.00004725	-0.00013475	-0.00004716	-0.00275859	0.00926062	-0.002763	-0.00350988;
    -0.00276328	-0.00004721	-0.00013419	-0.00004761	-0.002763	0.00925669	-0.00350141;
    -0.00350342	-0.00350864	-0.0034995	-0.00350371	-0.00350988	-0.00350141	0.02102656
	*	κ2(Q)	**************************				
	Root	=	1	Cov(QI,	QJ):		
	0.03307346	0.01079417	0.0001041	-0.00005672	0.00011049	0.01080873	0.01342415;
    0.01079417	0.03307551	0.01080557	0.00011064	-0.00005735	0.00010328	0.01342571;
    0.0001041	0.01080557	0.03307124	0.01080811	0.00010314	-0.00006024	0.01342283;
    -0.00005672	0.00011064	0.01080811	0.03307314	0.01079245	0.00010397	0.01342431;
    0.00011049	-0.00005735	0.00010314	0.01079245	0.03307654	0.01080523	0.01342799;
    0.01080873	0.00010328	-0.00006024	0.00010397	0.01080523	0.03307683	0.01342283;
    0.01342415	0.01342571	0.01342283	0.01342431	0.01342799	0.01342283	0.06866612
							
    Root	=	1	Cov(S2i,S2j):				
	0.03393927	0.01005385	-0.00014237	-0.00009454	-0.00013552	0.01007677	0.01286263
0.01005385	0.03394938	0.01007536	-0.00013532	-0.00009262	-0.00014198	0.01287511
-0.00014237	0.01007536	0.03395539	0.01007542	-0.00014202	-0.00009892	0.0128601
-0.00009454	-0.00013532	0.01007542	0.03394001	0.01005458	-0.00014262	0.012863
-0.00013552	-0.00009262	-0.00014202	0.01005458	0.03395483	0.01007666	0.0128772
0.01007677	-0.00014198	-0.00009892	-0.00014262	0.01007666	0.0339672	0.01287065
0.01286263	0.01287511	0.0128601	0.012863	0.0128772	0.01287065	0.07845006