 Remove duplicates
 Number of terms reduced from  9667 to  4039
IDX001:DIM4096:001|002|003|004|005|006|
IDX002:DIM4096:007|008|009|010|011|012|
IDX003:DIM4096:013|014|015|016|017|018|
IDX004:DIM4096:019|020|021|022|023|024|
IDX005:DIM4096:025|026|027|028|029|030|
IDX006:DIM4096:031|032|033|034|035|036|
IDX007:DIM4096:037|038|039|040|041|042|

 |== Tensor Product State CI =======================================
 Hamiltonian matrix dimension =     1: 
 Build full Hamiltonian matrix with dimension:       0.608681 seconds (1.03 M allocations: 53.831 MiB, 3.84% gc time, 96.71% compilation time)
 Now diagonalize
 Diagonalization time:                               0.000012 seconds
 Compute S2 expectation values:                      0.443913 seconds (494.20 k allocations: 26.647 MiB, 99.75% compilation time)
  Root       Energy           S2
     1 -122.55957577   0.00000000
 ==================================================================|

 |..................................do batched PT2......................................
 thresh_foi    :1.0e-8
 prescreen     :true
 H0            :Hcmf
 nbody         :4
 Norms of input states:
   1.00000000
 Compute <0|H0|0>:                                   0.000808 seconds (957 allocations: 71.266 KiB)
 Compute <0|H|0>:                                    0.001115 seconds (1.86 k allocations: 101.859 KiB)
 Number of jobs:    1345
 Number of threads: 64
   |----------------------------------------------------------------------------------------------------|
   |0%                                                                                              100%|
   |-------------------------------------------------------------------------------------------------------|
 Time spent computing E2         97.6 (s)
  Root         E(0)         E(2)
     1 -122.55957577 -122.61758139
 ......................................................................................|
 99.744020 seconds (257.01 M allocations: 11.639 GiB, 15.48% gc time, 10.08% compilation time)
  0.001925 seconds (1.35 k allocations: 84.156 KiB)
     1 -1582.33957244 -1459.83800230   0.00000000

 |== Tensor Product State CI =======================================
 Hamiltonian matrix dimension =     1: 
 Build full Hamiltonian matrix with dimension:       0.001518 seconds (1.34 k allocations: 64.391 KiB)
 Now diagonalize
 Diagonalization time:                               0.000005 seconds
 Compute S2 expectation values:                      0.001461 seconds (1.24 k allocations: 81.562 KiB)
  Root       Energy           S2
     1 -122.55957577   0.00000000
 ==================================================================|

 |..................................do batched PT2......................................
 thresh_foi    :1.0e-8
 prescreen     :true
 H0            :Hcmf
 nbody         :4
 Norms of input states:
   1.00000000
 Compute <0|H0|0>:                                   0.001133 seconds (973 allocations: 72.953 KiB)
 Compute <0|H|0>:                                    0.001925 seconds (2.01 k allocations: 108.172 KiB)
 Number of jobs:    1345
 Number of threads: 64
   |----------------------------------------------------------------------------------------------------|
   |0%                                                                                              100%|
   |-------------------------------------------------------------------------------------------------------|
 Time spent computing E2         90.8 (s)
  Root         E(0)         E(2)
     1 -122.55957577 -122.61758139
 ......................................................................................|
 90.869570 seconds (234.53 M allocations: 10.759 GiB, 14.35% gc time)
  0.001803 seconds (1.41 k allocations: 85.625 KiB)
     1 -1582.33957244 -1459.83800230   0.00000000

 |== Tensor Product State CI =======================================
 Hamiltonian matrix dimension =     1: 
 Build full Hamiltonian matrix with dimension:       0.000803 seconds (1.34 k allocations: 64.359 KiB)
 Now diagonalize
 Diagonalization time:                               0.000004 seconds
 Compute S2 expectation values:                      0.001378 seconds (1.26 k allocations: 81.219 KiB)
  Root       Energy           S2
     1 -122.55957577   0.00000000
 ==================================================================|

 |..................................do batched PT2......................................
 thresh_foi    :1.0e-8
 prescreen     :true
 H0            :Hcmf
 nbody         :4
 Norms of input states:
   1.00000000
 Compute <0|H0|0>:                                   0.001294 seconds (1.02 k allocations: 73.609 KiB)
 Compute <0|H|0>:                                    0.002259 seconds (2.10 k allocations: 113.922 KiB)
 Number of jobs:    1345
 Number of threads: 64
   |----------------------------------------------------------------------------------------------------|
   |0%                                                                                              100%|
   |-------------------------------------------------------------------------------------------------------|
 Time spent computing E2         89.7 (s)
  Root         E(0)         E(2)
     1 -122.55957577 -122.61758139
 ......................................................................................|
 89.713960 seconds (234.53 M allocations: 10.743 GiB, 13.35% gc time)
  0.001175 seconds (1.27 k allocations: 82.875 KiB)
     1 -1582.33957244 -1459.83800230   0.00000000

 |== Tensor Product State CI =======================================
 Hamiltonian matrix dimension =     1: 
 Build full Hamiltonian matrix with dimension:       0.000644 seconds (1.34 k allocations: 64.391 KiB)
 Now diagonalize
 Diagonalization time:                               0.000003 seconds
 Compute S2 expectation values:                      0.000945 seconds (1.16 k allocations: 78.844 KiB)
  Root       Energy           S2
     1 -122.55957577   0.00000000
 ==================================================================|

 |..................................do batched PT2......................................
 thresh_foi    :1.0e-8
 prescreen     :true
 H0            :Hcmf
 nbody         :4
 Norms of input states:
   1.00000000
 Compute <0|H0|0>:                                   0.001051 seconds (967 allocations: 72.453 KiB)
 Compute <0|H|0>:                                    0.001774 seconds (2.52 k allocations: 125.422 KiB)
 Number of jobs:    1345
 Number of threads: 64
   |----------------------------------------------------------------------------------------------------|
   |0%                                                                                              100%|
   |-------------------------------------------------------------------------------------------------------|
 Time spent computing E2         90.3 (s)
  Root         E(0)         E(2)
     1 -122.55957577 -122.61758139
 ......................................................................................|
 90.315351 seconds (234.53 M allocations: 10.739 GiB, 13.81% gc time)
  0.001470 seconds (1.33 k allocations: 83.312 KiB)
     1 -1582.33957244 -1459.83800230   0.00000000
