tc244
Resetting modules to system default. Reseting $MODULEPATH back to system default. All extra directories will be removed from $MODULEPATH.
Usage: sbatch submit.sh {input file} {data file} {data file}
tpsci_tucker_nbody0_deltaelec0.jl
tpsci_tucker_nbody0_deltaelec0.jl.out
/home/arnab22/SPF-data/hexabenzocoronene/sto3g/tpsci/est_basis/tpsci_nbody0/delta_elec0
/localscratch/2091708
sending incremental file list
tpsci_tucker_nbody0_deltaelec0.jl.out

sent 140 bytes  received 35 bytes  350.00 bytes/sec
total size is 0  speedup is 0.00
sending incremental file list
tpsci_tucker_nbody0_deltaelec0.jl.out

sent 27,454 bytes  received 35 bytes  54,978.00 bytes/sec
total size is 27,310  speedup is 0.99
sending incremental file list
tpsci_tucker_nbody0_deltaelec0.jl.out

sent 31,095 bytes  received 35 bytes  62,260.00 bytes/sec
total size is 30,950  speedup is 0.99
sending incremental file list
tpsci_tucker_nbody0_deltaelec0.jl.out

sent 34,808 bytes  received 35 bytes  69,686.00 bytes/sec
total size is 34,660  speedup is 0.99
sending incremental file list
tpsci_tucker_nbody0_deltaelec0.jl.out

sent 38,448 bytes  received 35 bytes  76,966.00 bytes/sec
total size is 38,300  speedup is 1.00
sending incremental file list
tpsci_tucker_nbody0_deltaelec0.jl.out

sent 179,792 bytes  received 35 bytes  359,654.00 bytes/sec
total size is 179,612  speedup is 1.00
sending incremental file list
tpsci_tucker_nbody0_deltaelec0.jl.out

sent 183,433 bytes  received 35 bytes  366,936.00 bytes/sec
total size is 183,252  speedup is 1.00
sending incremental file list
tpsci_tucker_nbody0_deltaelec0.jl.out

sent 321,500 bytes  received 35 bytes  643,070.00 bytes/sec
total size is 321,287  speedup is 1.00
sending incremental file list
tpsci_tucker_nbody0_deltaelec0.jl.out

sent 325,210 bytes  received 35 bytes  650,490.00 bytes/sec
total size is 324,997  speedup is 1.00
sending incremental file list
tpsci_tucker_nbody0_deltaelec0.jl.out

sent 328,928 bytes  received 35 bytes  657,926.00 bytes/sec
total size is 328,707  speedup is 1.00
sending incremental file list
tpsci_tucker_nbody0_deltaelec0.jl.out

sent 332,568 bytes  received 35 bytes  665,206.00 bytes/sec
total size is 332,347  speedup is 1.00
sending incremental file list
tpsci_tucker_nbody0_deltaelec0.jl.out

sent 474,801 bytes  received 35 bytes  949,672.00 bytes/sec
total size is 474,548  speedup is 1.00
sending incremental file list
tpsci_tucker_nbody0_deltaelec0.jl.out

sent 478,511 bytes  received 35 bytes  957,092.00 bytes/sec
total size is 478,258  speedup is 1.00
sending incremental file list
tpsci_tucker_nbody0_deltaelec0.jl.out

sent 482,221 bytes  received 35 bytes  964,512.00 bytes/sec
total size is 481,968  speedup is 1.00
sending incremental file list
tpsci_tucker_nbody0_deltaelec0.jl.out

sent 485,931 bytes  received 35 bytes  971,932.00 bytes/sec
total size is 485,678  speedup is 1.00
sending incremental file list
tpsci_tucker_nbody0_deltaelec0.jl.out

sent 628,009 bytes  received 35 bytes  1,256,088.00 bytes/sec
total size is 627,716  speedup is 1.00
sending incremental file list
tpsci_tucker_nbody0_deltaelec0.jl.out

sent 631,648 bytes  received 35 bytes  1,263,366.00 bytes/sec
total size is 631,356  speedup is 1.00
sending incremental file list
tpsci_tucker_nbody0_deltaelec0.jl.out

sent 635,359 bytes  received 35 bytes  1,270,788.00 bytes/sec
total size is 635,066  speedup is 1.00
sending incremental file list
tpsci_tucker_nbody0_deltaelec0.jl.out

sent 777,395 bytes  received 35 bytes  1,554,860.00 bytes/sec
total size is 777,070  speedup is 1.00
sending incremental file list
tpsci_tucker_nbody0_deltaelec0.jl.out

sent 781,245 bytes  received 35 bytes  1,562,560.00 bytes/sec
total size is 780,920  speedup is 1.00
sending incremental file list
tpsci_tucker_nbody0_deltaelec0.jl.out

sent 784,885 bytes  received 35 bytes  1,569,840.00 bytes/sec
total size is 784,560  speedup is 1.00
sending incremental file list
tpsci_tucker_nbody0_deltaelec0.jl.out

sent 788,602 bytes  received 35 bytes  1,577,274.00 bytes/sec
total size is 788,270  speedup is 1.00
sending incremental file list
tpsci_tucker_nbody0_deltaelec0.jl.out

sent 930,821 bytes  received 35 bytes  1,861,712.00 bytes/sec
total size is 930,456  speedup is 1.00
sending incremental file list
tpsci_tucker_nbody0_deltaelec0.jl.out

sent 934,601 bytes  received 35 bytes  1,869,272.00 bytes/sec
total size is 934,236  speedup is 1.00
sending incremental file list
tpsci_tucker_nbody0_deltaelec0.jl.out

sent 938,380 bytes  received 35 bytes  1,876,830.00 bytes/sec
total size is 938,016  speedup is 1.00
sending incremental file list
tpsci_tucker_nbody0_deltaelec0.jl.out

sent 942,161 bytes  received 35 bytes  1,884,392.00 bytes/sec
total size is 941,796  speedup is 1.00
sending incremental file list
tpsci_tucker_nbody0_deltaelec0.jl.out

sent 1,062,832 bytes  received 35 bytes  2,125,734.00 bytes/sec
total size is 1,062,436  speedup is 1.00
rm: cannot remove ‘tmpfs’: Device or resource busy
