tc146
Resetting modules to system default. Reseting $MODULEPATH back to system default. All extra directories will be removed from $MODULEPATH.
Usage: sbatch submit.sh {input file} {data file} {data file}
tpsci_tucker_nbody0_deltaelec0.jl
tpsci_tucker_nbody0_deltaelec0.jl.out
/home/arnab22/SPF-data/hexabenzocoronene/sto3g/tpsci/est_basis/tpsci_nbody0/delta_elec0
/localscratch/2095547
sending incremental file list
tpsci_tucker_nbody0_deltaelec0.jl.out

sent 141 bytes  received 35 bytes  352.00 bytes/sec
total size is 0  speedup is 0.00
sending incremental file list
tpsci_tucker_nbody0_deltaelec0.jl.out

sent 27,455 bytes  received 35 bytes  54,980.00 bytes/sec
total size is 27,310  speedup is 0.99
sending incremental file list
tpsci_tucker_nbody0_deltaelec0.jl.out

sent 31,165 bytes  received 35 bytes  62,400.00 bytes/sec
total size is 31,020  speedup is 0.99
sending incremental file list
tpsci_tucker_nbody0_deltaelec0.jl.out

sent 34,879 bytes  received 35 bytes  69,828.00 bytes/sec
total size is 34,730  speedup is 0.99
sending incremental file list
tpsci_tucker_nbody0_deltaelec0.jl.out

sent 38,589 bytes  received 35 bytes  77,248.00 bytes/sec
total size is 38,440  speedup is 1.00
sending incremental file list
tpsci_tucker_nbody0_deltaelec0.jl.out

sent 179,933 bytes  received 35 bytes  119,978.67 bytes/sec
total size is 179,752  speedup is 1.00
sending incremental file list
tpsci_tucker_nbody0_deltaelec0.jl.out

sent 183,713 bytes  received 35 bytes  367,496.00 bytes/sec
total size is 183,532  speedup is 1.00
sending incremental file list
tpsci_tucker_nbody0_deltaelec0.jl.out

sent 321,849 bytes  received 35 bytes  643,768.00 bytes/sec
total size is 321,637  speedup is 1.00
sending incremental file list
tpsci_tucker_nbody0_deltaelec0.jl.out

sent 325,630 bytes  received 35 bytes  651,330.00 bytes/sec
total size is 325,417  speedup is 1.00
sending incremental file list
tpsci_tucker_nbody0_deltaelec0.jl.out

sent 329,417 bytes  received 35 bytes  658,904.00 bytes/sec
total size is 329,197  speedup is 1.00
sending incremental file list
tpsci_tucker_nbody0_deltaelec0.jl.out

sent 333,128 bytes  received 35 bytes  666,326.00 bytes/sec
total size is 332,907  speedup is 1.00
sending incremental file list
tpsci_tucker_nbody0_deltaelec0.jl.out

sent 475,384 bytes  received 35 bytes  950,838.00 bytes/sec
total size is 475,132  speedup is 1.00
sending incremental file list
tpsci_tucker_nbody0_deltaelec0.jl.out

sent 479,165 bytes  received 35 bytes  958,400.00 bytes/sec
total size is 478,912  speedup is 1.00
sending incremental file list
tpsci_tucker_nbody0_deltaelec0.jl.out

sent 482,945 bytes  received 35 bytes  965,960.00 bytes/sec
total size is 482,692  speedup is 1.00
sending incremental file list
tpsci_tucker_nbody0_deltaelec0.jl.out

sent 486,725 bytes  received 35 bytes  973,520.00 bytes/sec
total size is 486,472  speedup is 1.00
sending incremental file list
tpsci_tucker_nbody0_deltaelec0.jl.out

sent 628,885 bytes  received 35 bytes  1,257,840.00 bytes/sec
total size is 628,592  speedup is 1.00
sending incremental file list
tpsci_tucker_nbody0_deltaelec0.jl.out

sent 632,665 bytes  received 35 bytes  1,265,400.00 bytes/sec
total size is 632,372  speedup is 1.00
sending incremental file list
tpsci_tucker_nbody0_deltaelec0.jl.out

sent 636,445 bytes  received 35 bytes  1,272,960.00 bytes/sec
total size is 636,152  speedup is 1.00
sending incremental file list
tpsci_tucker_nbody0_deltaelec0.jl.out

sent 778,761 bytes  received 35 bytes  1,557,592.00 bytes/sec
total size is 778,436  speedup is 1.00
sending incremental file list
tpsci_tucker_nbody0_deltaelec0.jl.out

sent 782,471 bytes  received 35 bytes  1,565,012.00 bytes/sec
total size is 782,146  speedup is 1.00
sending incremental file list
tpsci_tucker_nbody0_deltaelec0.jl.out

sent 786,250 bytes  received 35 bytes  1,572,570.00 bytes/sec
total size is 785,926  speedup is 1.00
sending incremental file list
tpsci_tucker_nbody0_deltaelec0.jl.out

sent 790,039 bytes  received 35 bytes  1,580,148.00 bytes/sec
total size is 789,706  speedup is 1.00
sending incremental file list
tpsci_tucker_nbody0_deltaelec0.jl.out

sent 932,327 bytes  received 35 bytes  621,574.67 bytes/sec
total size is 931,962  speedup is 1.00
sending incremental file list
tpsci_tucker_nbody0_deltaelec0.jl.out

sent 936,107 bytes  received 35 bytes  1,872,284.00 bytes/sec
total size is 935,742  speedup is 1.00
sending incremental file list
tpsci_tucker_nbody0_deltaelec0.jl.out

sent 939,886 bytes  received 35 bytes  1,879,842.00 bytes/sec
total size is 939,522  speedup is 1.00
sending incremental file list
tpsci_tucker_nbody0_deltaelec0.jl.out

sent 1,041,879 bytes  received 35 bytes  2,083,828.00 bytes/sec
total size is 1,041,490  speedup is 1.00
rm: cannot remove ‘tmpfs’: Device or resource busy
