tc062
Resetting modules to system default. Reseting $MODULEPATH back to system default. All extra directories will be removed from $MODULEPATH.
Usage: sbatch submit.sh {input file} {data file} {data file}
tpsci_tucker_nbody1_deltaelec0.jl
tpsci_tucker_nbody1_deltaelec0.jl.out
/home/arnab22/SPF-data/hexabenzocoronene/sto3g/tpsci/est_basis/tpsci_nbody1/deltaelec0
/localscratch/2095551
sending incremental file list
tpsci_tucker_nbody1_deltaelec0.jl.out

sent 141 bytes  received 35 bytes  352.00 bytes/sec
total size is 0  speedup is 0.00
sending incremental file list
tpsci_tucker_nbody1_deltaelec0.jl.out

sent 27,455 bytes  received 35 bytes  54,980.00 bytes/sec
total size is 27,310  speedup is 0.99
sending incremental file list
tpsci_tucker_nbody1_deltaelec0.jl.out

sent 31,165 bytes  received 35 bytes  62,400.00 bytes/sec
total size is 31,020  speedup is 0.99
sending incremental file list
tpsci_tucker_nbody1_deltaelec0.jl.out

sent 34,739 bytes  received 35 bytes  69,548.00 bytes/sec
total size is 34,590  speedup is 0.99
sending incremental file list
tpsci_tucker_nbody1_deltaelec0.jl.out

sent 38,099 bytes  received 35 bytes  76,268.00 bytes/sec
total size is 37,950  speedup is 1.00
sending incremental file list
tpsci_tucker_nbody1_deltaelec0.jl.out

sent 179,233 bytes  received 35 bytes  358,536.00 bytes/sec
total size is 178,982  speedup is 1.00
sending incremental file list
tpsci_tucker_nbody1_deltaelec0.jl.out

sent 182,662 bytes  received 35 bytes  365,394.00 bytes/sec
total size is 182,482  speedup is 1.00
sending incremental file list
tpsci_tucker_nbody1_deltaelec0.jl.out

sent 320,310 bytes  received 35 bytes  640,690.00 bytes/sec
total size is 320,097  speedup is 1.00
sending incremental file list
tpsci_tucker_nbody1_deltaelec0.jl.out

sent 324,020 bytes  received 35 bytes  648,110.00 bytes/sec
total size is 323,807  speedup is 1.00
sending incremental file list
tpsci_tucker_nbody1_deltaelec0.jl.out

sent 327,450 bytes  received 35 bytes  654,970.00 bytes/sec
total size is 327,237  speedup is 1.00
sending incremental file list
tpsci_tucker_nbody1_deltaelec0.jl.out

sent 330,958 bytes  received 35 bytes  661,986.00 bytes/sec
total size is 330,737  speedup is 1.00
sending incremental file list
tpsci_tucker_nbody1_deltaelec0.jl.out

sent 472,723 bytes  received 35 bytes  945,516.00 bytes/sec
total size is 472,472  speedup is 1.00
sending incremental file list
tpsci_tucker_nbody1_deltaelec0.jl.out

sent 476,365 bytes  received 35 bytes  952,800.00 bytes/sec
total size is 476,112  speedup is 1.00
sending incremental file list
tpsci_tucker_nbody1_deltaelec0.jl.out

sent 479,864 bytes  received 35 bytes  959,798.00 bytes/sec
total size is 479,612  speedup is 1.00
sending incremental file list
tpsci_tucker_nbody1_deltaelec0.jl.out

sent 483,365 bytes  received 35 bytes  966,800.00 bytes/sec
total size is 483,112  speedup is 1.00
sending incremental file list
tpsci_tucker_nbody1_deltaelec0.jl.out

sent 625,093 bytes  received 35 bytes  1,250,256.00 bytes/sec
total size is 624,800  speedup is 1.00
sending incremental file list
tpsci_tucker_nbody1_deltaelec0.jl.out

sent 628,733 bytes  received 35 bytes  1,257,536.00 bytes/sec
total size is 628,440  speedup is 1.00
sending incremental file list
tpsci_tucker_nbody1_deltaelec0.jl.out

sent 632,232 bytes  received 35 bytes  1,264,534.00 bytes/sec
total size is 631,940  speedup is 1.00
sending incremental file list
tpsci_tucker_nbody1_deltaelec0.jl.out

sent 635,663 bytes  received 35 bytes  1,271,396.00 bytes/sec
total size is 635,370  speedup is 1.00
sending incremental file list
tpsci_tucker_nbody1_deltaelec0.jl.out

sent 777,559 bytes  received 35 bytes  1,555,188.00 bytes/sec
total size is 777,234  speedup is 1.00
sending incremental file list
tpsci_tucker_nbody1_deltaelec0.jl.out

sent 781,129 bytes  received 35 bytes  1,562,328.00 bytes/sec
total size is 780,804  speedup is 1.00
sending incremental file list
tpsci_tucker_nbody1_deltaelec0.jl.out

sent 784,559 bytes  received 35 bytes  1,569,188.00 bytes/sec
total size is 784,234  speedup is 1.00
sending incremental file list
tpsci_tucker_nbody1_deltaelec0.jl.out

sent 787,997 bytes  received 35 bytes  1,576,064.00 bytes/sec
total size is 787,664  speedup is 1.00
sending incremental file list
tpsci_tucker_nbody1_deltaelec0.jl.out

sent 929,935 bytes  received 35 bytes  1,859,940.00 bytes/sec
total size is 929,570  speedup is 1.00
sending incremental file list
tpsci_tucker_nbody1_deltaelec0.jl.out

sent 933,435 bytes  received 35 bytes  1,866,940.00 bytes/sec
total size is 933,070  speedup is 1.00
sending incremental file list
tpsci_tucker_nbody1_deltaelec0.jl.out

sent 936,935 bytes  received 35 bytes  1,873,940.00 bytes/sec
total size is 936,570  speedup is 1.00
sending incremental file list
tpsci_tucker_nbody1_deltaelec0.jl.out

sent 940,435 bytes  received 35 bytes  1,880,940.00 bytes/sec
total size is 940,070  speedup is 1.00
sending incremental file list
tpsci_tucker_nbody1_deltaelec0.jl.out

sent 1,041,657 bytes  received 35 bytes  2,083,384.00 bytes/sec
total size is 1,041,268  speedup is 1.00
sending incremental file list
tpsci_tucker_nbody1_deltaelec0.jl.out

sent 1,064,622 bytes  received 35 bytes  2,129,314.00 bytes/sec
total size is 1,064,226  speedup is 1.00
sending incremental file list
tpsci_tucker_nbody1_deltaelec0.jl.out

sent 1,067,735 bytes  received 35 bytes  2,135,540.00 bytes/sec
total size is 1,067,338  speedup is 1.00
sending incremental file list

sent 98 bytes  received 12 bytes  220.00 bytes/sec
total size is 1,067,338  speedup is 9,703.07
rm: cannot remove ‘tmpfs’: Device or resource busy
