IDX001:DIM4096:001|002|003|004|005|006|
IDX002:DIM4096:007|008|009|010|011|012|
IDX003:DIM4096:013|014|015|016|017|018|
IDX004:DIM4096:019|020|021|022|023|024|
IDX005:DIM4096:025|026|027|028|029|030|
IDX006:DIM4096:031|032|033|034|035|036|
IDX007:DIM4096:037|038|039|040|041|042|
 --------------------------------------------------
 ---------- Fockspaces in state ------: Dim = 58869  
 ----------                root ------:     =     1  
 --------------------------------------------------
 Printing contributions greater than: 0.001000
 Weight              # Configs           Fock space(α,β)...  
 -------             ---------           ----------          
 0.874               4321                ( 3,3 )( 3,3 )( 3,3 )( 3,3 )( 3,3 )( 3,3 )( 3,3 )
 0.002               412                 ( 3,3 )( 4,3 )( 2,3 )( 3,3 )( 3,3 )( 3,3 )( 3,3 )
 0.002               559                 ( 3,3 )( 3,3 )( 3,3 )( 3,3 )( 4,3 )( 3,3 )( 2,3 )
 0.002               418                 ( 3,2 )( 3,4 )( 3,3 )( 3,3 )( 3,3 )( 3,3 )( 3,3 )
 0.002               418                 ( 3,4 )( 3,3 )( 3,3 )( 3,3 )( 3,3 )( 3,2 )( 3,3 )
 0.002               410                 ( 3,3 )( 3,3 )( 3,3 )( 3,3 )( 4,3 )( 2,3 )( 3,3 )
 0.002               418                 ( 3,3 )( 3,3 )( 3,3 )( 2,3 )( 4,3 )( 3,3 )( 3,3 )
 0.002               419                 ( 3,3 )( 3,3 )( 3,3 )( 3,4 )( 3,2 )( 3,3 )( 3,3 )
 0.002               421                 ( 3,3 )( 3,3 )( 3,3 )( 3,2 )( 3,4 )( 3,3 )( 3,3 )
 0.002               535                 ( 2,3 )( 3,3 )( 3,3 )( 3,3 )( 3,3 )( 3,3 )( 4,3 )
 0.002               414                 ( 3,3 )( 3,3 )( 3,3 )( 3,3 )( 3,4 )( 3,2 )( 3,3 )
 0.002               555                 ( 3,4 )( 3,3 )( 3,3 )( 3,3 )( 3,3 )( 3,3 )( 3,2 )
 0.002               558                 ( 3,3 )( 4,3 )( 3,3 )( 3,3 )( 3,3 )( 3,3 )( 2,3 )
 0.002               411                 ( 3,3 )( 3,3 )( 2,3 )( 4,3 )( 3,3 )( 3,3 )( 3,3 )
 0.002               570                 ( 3,3 )( 3,3 )( 3,2 )( 3,3 )( 3,3 )( 3,3 )( 3,4 )
 0.002               415                 ( 3,3 )( 2,3 )( 4,3 )( 3,3 )( 3,3 )( 3,3 )( 3,3 )
 0.002               554                 ( 3,3 )( 3,3 )( 3,3 )( 3,4 )( 3,3 )( 3,3 )( 3,2 )
 0.001               196                 ( 3,3 )( 3,3 )( 2,4 )( 3,3 )( 3,3 )( 3,3 )( 4,2 )
 0.001               191                 ( 3,3 )( 3,3 )( 3,3 )( 2,4 )( 3,3 )( 3,3 )( 4,2 )
 0.002               558                 ( 3,3 )( 3,3 )( 3,3 )( 3,3 )( 3,4 )( 3,3 )( 3,2 )
 0.001               194                 ( 3,3 )( 3,3 )( 3,3 )( 3,3 )( 2,4 )( 3,3 )( 4,2 )
 0.002               419                 ( 4,3 )( 2,3 )( 3,3 )( 3,3 )( 3,3 )( 3,3 )( 3,3 )
 0.002               569                 ( 3,3 )( 3,3 )( 4,3 )( 3,3 )( 3,3 )( 3,3 )( 2,3 )
 0.002               413                 ( 3,3 )( 3,3 )( 3,4 )( 3,2 )( 3,3 )( 3,3 )( 3,3 )
 0.001               197                 ( 3,3 )( 3,3 )( 3,3 )( 4,2 )( 3,3 )( 3,3 )( 2,4 )
 0.002               410                 ( 3,3 )( 3,4 )( 3,2 )( 3,3 )( 3,3 )( 3,3 )( 3,3 )
 0.002               416                 ( 3,3 )( 3,3 )( 4,3 )( 2,3 )( 3,3 )( 3,3 )( 3,3 )
 0.002               560                 ( 3,3 )( 3,3 )( 3,3 )( 4,3 )( 3,3 )( 3,3 )( 2,3 )
 0.002               563                 ( 3,3 )( 3,3 )( 2,3 )( 3,3 )( 3,3 )( 3,3 )( 4,3 )
 0.002               562                 ( 4,3 )( 3,3 )( 3,3 )( 3,3 )( 3,3 )( 3,3 )( 2,3 )
 0.002               419                 ( 3,3 )( 3,3 )( 3,3 )( 4,3 )( 2,3 )( 3,3 )( 3,3 )
 0.002               414                 ( 4,3 )( 3,3 )( 3,3 )( 3,3 )( 3,3 )( 2,3 )( 3,3 )
 0.002               564                 ( 3,3 )( 3,3 )( 3,4 )( 3,3 )( 3,3 )( 3,3 )( 3,2 )
 0.002               416                 ( 3,4 )( 3,2 )( 3,3 )( 3,3 )( 3,3 )( 3,3 )( 3,3 )
 0.002               416                 ( 2,3 )( 3,3 )( 3,3 )( 3,3 )( 3,3 )( 4,3 )( 3,3 )
 0.002               525                 ( 3,3 )( 2,3 )( 3,3 )( 3,3 )( 3,3 )( 3,3 )( 4,3 )
 0.002               513                 ( 3,3 )( 3,3 )( 3,3 )( 3,2 )( 3,3 )( 3,3 )( 3,4 )
 0.002               526                 ( 3,3 )( 3,3 )( 3,3 )( 3,3 )( 3,2 )( 3,3 )( 3,4 )
 0.001               197                 ( 3,3 )( 4,2 )( 3,3 )( 3,3 )( 3,3 )( 3,3 )( 2,4 )
 0.002               571                 ( 3,3 )( 3,3 )( 3,3 )( 3,3 )( 3,3 )( 3,2 )( 3,4 )
 0.002               415                 ( 3,3 )( 3,3 )( 3,3 )( 3,3 )( 3,2 )( 3,4 )( 3,3 )
 0.002               565                 ( 3,3 )( 3,3 )( 3,3 )( 3,3 )( 3,3 )( 2,3 )( 4,3 )
 0.002               526                 ( 3,3 )( 3,3 )( 3,3 )( 3,3 )( 2,3 )( 3,3 )( 4,3 )
 0.002               533                 ( 3,3 )( 3,3 )( 3,3 )( 2,3 )( 3,3 )( 3,3 )( 4,3 )
 0.001               191                 ( 3,3 )( 2,4 )( 3,3 )( 3,3 )( 3,3 )( 3,3 )( 4,2 )
 0.002               563                 ( 3,3 )( 3,3 )( 3,3 )( 3,3 )( 3,3 )( 3,4 )( 3,2 )
 0.002               416                 ( 3,3 )( 3,2 )( 3,4 )( 3,3 )( 3,3 )( 3,3 )( 3,3 )
 0.001               199                 ( 4,2 )( 3,3 )( 3,3 )( 3,3 )( 3,3 )( 3,3 )( 2,4 )
 0.001               196                 ( 3,3 )( 3,3 )( 3,3 )( 3,3 )( 3,3 )( 2,4 )( 4,2 )
 0.001               198                 ( 2,4 )( 3,3 )( 3,3 )( 3,3 )( 3,3 )( 3,3 )( 4,2 )
 0.002               413                 ( 3,3 )( 3,3 )( 3,2 )( 3,4 )( 3,3 )( 3,3 )( 3,3 )
 0.002               418                 ( 2,3 )( 4,3 )( 3,3 )( 3,3 )( 3,3 )( 3,3 )( 3,3 )
 0.002               556                 ( 3,3 )( 3,4 )( 3,3 )( 3,3 )( 3,3 )( 3,3 )( 3,2 )
 0.001               193                 ( 3,3 )( 3,3 )( 3,3 )( 3,3 )( 3,3 )( 4,2 )( 2,4 )
 0.002               566                 ( 3,3 )( 3,3 )( 3,3 )( 3,3 )( 3,3 )( 4,3 )( 2,3 )
 0.002               519                 ( 3,2 )( 3,3 )( 3,3 )( 3,3 )( 3,3 )( 3,3 )( 3,4 )
 0.001               194                 ( 3,3 )( 3,3 )( 4,2 )( 3,3 )( 3,3 )( 3,3 )( 2,4 )
 0.002               414                 ( 3,3 )( 3,3 )( 3,3 )( 3,3 )( 2,3 )( 4,3 )( 3,3 )
 0.002               525                 ( 3,3 )( 3,2 )( 3,3 )( 3,3 )( 3,3 )( 3,3 )( 3,4 )
 0.002               416                 ( 3,2 )( 3,3 )( 3,3 )( 3,3 )( 3,3 )( 3,4 )( 3,3 )
 0.001               199                 ( 3,3 )( 3,3 )( 3,3 )( 3,3 )( 4,2 )( 3,3 )( 2,4 )
 --------------------------------------------------
 Root =  1:     <N> =    6.00004325   6.00005854   6.00006492   6.00004700   6.00005883   6.00005963   5.99966783
 Root =  1:    <Sz> =    0.00000208   0.00000610  -0.00000031   0.00000548   0.00000733   0.00000045  -0.00002113
 Root =  1:    <S2> =    0.03813378   0.03813634   0.03836687   0.03812550   0.03814148   0.03838002   0.08568739
 Root =  1:     <H> =  -27.75210843 -27.75217728 -27.75198722 -27.75212509 -27.75217352 -27.75195523 -34.04285597
 Root =  1:  <Hcmf> =   -6.35030542  -6.35030630  -6.35020194  -6.35030780  -6.35030216  -6.35019755  -6.23124638
 Root =  1: Cov(Ni,Nj):
   0.02656035  -0.00822172  -0.00018447  -0.00027085  -0.00017998  -0.00820806  -0.00949528
  -0.00822172   0.02656364  -0.00820927  -0.00017933  -0.00026926  -0.00018413  -0.00949993
  -0.00018447  -0.00820927   0.02673723  -0.00820478  -0.00018400  -0.00027754  -0.00967717
  -0.00027085  -0.00017933  -0.00820478   0.02655561  -0.00822376  -0.00018488  -0.00949203
  -0.00017998  -0.00026926  -0.00018400  -0.00822376   0.02657106  -0.00821341  -0.00950065
  -0.00820806  -0.00018413  -0.00027754  -0.00018488  -0.00821341   0.02674716  -0.00967914
  -0.00949528  -0.00949993  -0.00967717  -0.00949203  -0.00950065  -0.00967914   0.05734421

 Root =  1: Cov(Szi,Szj):
   0.01277843  -0.00389583  -0.00006721  -0.00011115  -0.00006451  -0.00387785  -0.00476188
  -0.00389583   0.01277088  -0.00387689  -0.00006490  -0.00011131  -0.00006713  -0.00475481
  -0.00006721  -0.00387689   0.01284939  -0.00387605  -0.00006740  -0.00011659  -0.00484525
  -0.00011115  -0.00006490  -0.00387605   0.01277517  -0.00389611  -0.00006724  -0.00475972
  -0.00006451  -0.00011131  -0.00006740  -0.00389611   0.01277380  -0.00388008  -0.00475439
  -0.00387785  -0.00006713  -0.00011659  -0.00006724  -0.00388008   0.01285492  -0.00484603
  -0.00476188  -0.00475481  -0.00484525  -0.00475972  -0.00475439  -0.00484603   0.02872209

 Root =  1: Cov(S2i,S2j):
   0.05121371   0.01513706  -0.00055531  -0.00062580  -0.00058424   0.01505366   0.01856175
   0.01513706   0.05122004   0.01506346  -0.00058314  -0.00062630  -0.00055687   0.01855274
  -0.00055531   0.01506346   0.05151813   0.01504831  -0.00055639  -0.00055967   0.01891469
  -0.00062580  -0.00058314   0.01504831   0.05120134   0.01513773  -0.00055599   0.01855204
  -0.00058424  -0.00062630  -0.00055639   0.01513773   0.05122470   0.01507440   0.01854542
   0.01505366  -0.00055687  -0.00055967  -0.00055599   0.01507440   0.05153637   0.01891449
   0.01856175   0.01855274   0.01891469   0.01855204   0.01854542   0.01891449   0.11646180

 Root =  1: Cov(Hi,Hj):
   0.40938754  -0.12095736  -0.00297630  -0.00433165  -0.00290535  -0.12079045  -0.17258864
  -0.12095736   0.40929420  -0.12079401  -0.00289621  -0.00430329  -0.00297099  -0.17264153
  -0.00297630  -0.12079401   0.41217746  -0.12073569  -0.00296901  -0.00443676  -0.17589858
  -0.00433165  -0.00289621  -0.12073569   0.40930875  -0.12098762  -0.00298327  -0.17252698
  -0.00290535  -0.00430329  -0.00296901  -0.12098762   0.40941102  -0.12086279  -0.17265885
  -0.12079045  -0.00297099  -0.00443676  -0.00298327  -0.12086279   0.41239769  -0.17593982
  -0.17258864  -0.17264153  -0.17589858  -0.17252698  -0.17265885  -0.17593982   1.25677291

 Root =  1: Cov(Hcmf_i,Hcmf_j):
   0.00609000   0.00190994  -0.00007226  -0.00009808  -0.00007510   0.00190357   0.00199555
   0.00190994   0.00608971   0.00190519  -0.00007507  -0.00009815  -0.00007222   0.00199711
  -0.00007226   0.00190519   0.00611598   0.00190281  -0.00007229  -0.00008980   0.00203266
  -0.00009808  -0.00007507   0.00190281   0.00608868   0.00191014  -0.00007224   0.00199487
  -0.00007510  -0.00009815  -0.00007229   0.00191014   0.00609211   0.00190630   0.00199705
   0.00190357  -0.00007222  -0.00008980  -0.00007224   0.00190630   0.00611794   0.00203288
   0.00199555   0.00199711   0.00203266   0.00199487   0.00199705   0.00203288   0.01477997

* κ1(P0) **************************
 Root =  1:    <Q0> =    0.03807758   0.03807458   0.03830226   0.03807075   0.03808310   0.03831459   0.08268585
 * κ2(P0) **************************
 Root =  1: Cov(Q0I, Q0J):
   0.07470526   0.01155184  -0.00041695  -0.00058477  -0.00044147   0.01151473   0.01342238
   0.01155184   0.07469949   0.01151686  -0.00044120  -0.00058669  -0.00041705   0.01342113
  -0.00041695   0.01151686   0.07513746   0.01151036  -0.00041739  -0.00052022   0.01365035
  -0.00058477  -0.00044120   0.01151036   0.07469212   0.01155380  -0.00041708   0.01341702
  -0.00044147  -0.00058669  -0.00041739   0.01155380   0.07471588   0.01152294   0.01341993
   0.01151473  -0.00041705  -0.00052022  -0.00041708   0.01152294   0.07516117   0.01365186
   0.01342238   0.01342113   0.01365035   0.01341702   0.01341993   0.01365186   0.15853474

 Root =  1: Corr(Q0I, Q0J):
   1.00000000   0.15463812  -0.00556525  -0.00782834  -0.00590905   0.15366722   0.12333656
   0.15463812   1.00000000   0.15372594  -0.00590660  -0.00785311  -0.00556587   0.12332984
  -0.00556525   0.15372594   1.00000000   0.15364669  -0.00557071  -0.00692246   0.12507007
  -0.00782834  -0.00590660   0.15364669   1.00000000   0.15466101  -0.00556659   0.12329809
  -0.00590905  -0.00785311  -0.00557071   0.15466101   1.00000000   0.15376590   0.12330526
   0.15366722  -0.00556587  -0.00692246  -0.00556659   0.15376590   1.00000000   0.12506418
   0.12333656   0.12332984   0.12507007   0.12329809   0.12330526   0.12506418   1.00000000


Corr_diff_N_Sz:
0.00000000  -0.00456374  -0.00167684  -0.00149898  -0.00172555  -0.00538920   0.00525794
-0.00456374   0.00000000  -0.00539329  -0.00167068  -0.00141977  -0.00166818   0.00485843
-0.00167684  -0.00539329   0.00000000  -0.00538730  -0.00164265  -0.00130702   0.00507160
-0.00149898  -0.00167068  -0.00538730   0.00000000  -0.00459907  -0.00168997   0.00523865
-0.00172555  -0.00141977  -0.00164265  -0.00459907   0.00000000  -0.00529870   0.00482344
-0.00538920  -0.00166818  -0.00130702  -0.00168997  -0.00529870   0.00000000   0.00505308
0.00525794   0.00485843   0.00507160   0.00523865   0.00482344   0.00505308   0.00000000