 Remove duplicates
 Number of terms reduced from  1036 to   472
IDX001:DIM1048576:001|002|003|004|005|006|007|008|009|010|
IDX002:DIM1048576:011|012|013|014|015|016|017|018|019|020|
IDX003:DIM1048576:021|022|023|024|025|026|027|028|029|030|
IDX004:DIM1048576:031|032|033|034|035|036|037|038|039|040|

 |== Tensor Product State CI =======================================
 Hamiltonian matrix dimension =    31: 
 Build full Hamiltonian matrix with dimension:       0.543262 seconds (1.29 M allocations: 67.752 MiB, 4.44% gc time, 99.30% compilation time)
 Now diagonalize
 Diagonalization time:                               0.000365 seconds
 Compute S2 expectation values:                      0.455507 seconds (664.45 k allocations: 35.811 MiB, 6.28% gc time, 99.87% compilation time)
  Root       Energy           S2
     1 -90.57179817   0.00000000
     2 -90.50402459   2.00000000
     3 -90.50390599   2.00000000
     4 -90.50325202   2.00000000
     5 -90.50310215   2.00000000
     6 -90.43617452   6.00000000
     7 -90.43608311   2.00000000
     8 -90.43603745   0.00000000
     9 -90.43560909   6.00000000
    10 -90.43548855   6.00000000
    11 -90.43535981   6.00000000
    12 -90.43533961   2.00000000
    13 -90.43532706   2.00000000
    14 -90.43532669   0.00000000
    15 -90.43532322   6.00000000
    16 -90.43520403   0.00000000
    17 -90.43518690   2.00000000
    18 -90.43505712   2.00000000
    19 -90.43503662   0.00000000
    20 -90.43490813   0.00000000
    21 -90.43458084   6.00000000
    22 -90.43452872   2.00000000
    23 -90.43450235   0.00000000
    24 -90.42765281   2.00000000
    25 -90.42760194   2.00000000
    26 -90.42752197   0.00000000
    27 -90.42727435   2.00000000
    28 -90.42710510   2.00000000
    29 -90.42665684   0.00000000
    30 -90.42443509   0.00000000
    31 -90.42368959   0.00000000
 ==================================================================|

 |..................................do batched PT2......................................
 thresh_foi    :1.0e-8
 prescreen     :true
 H0            :Hcmf
 nbody         :4
 Norms of input states:
   1.00000000
   1.00000000
   1.00000000
   1.00000000
   1.00000000
   1.00000000
   1.00000000
   1.00000000
   1.00000000
   1.00000000
   1.00000000
   1.00000000
   1.00000000
   1.00000000
   1.00000000
   1.00000000
   1.00000000
   1.00000000
   1.00000000
   1.00000000
   1.00000000
   1.00000000
   1.00000000
   1.00000000
   1.00000000
   1.00000000
   1.00000000
   1.00000000
   1.00000000
   1.00000000
   1.00000000
 Compute <0|H0|0>:                                   0.001653 seconds (8.73 k allocations: 243.141 KiB)
 Compute <0|H|0>:                                    0.006554 seconds (61.83 k allocations: 1.410 MiB, 45.90% compilation time)
 Number of jobs:    1759
 Number of threads: 16
   |----------------------------------------------------------------------------------------------------|
   |0%                                                                                              100%|
   |-------------------------------------------------------------------------------------------------|
 Time spent computing E2        223.4 (s)
ERROR: LoadError: MethodError: no method matching adjoint(::TPSCIstate{Float64, 4, 31})
Closest candidates are:
  adjoint(!Matched::Union{QR, LinearAlgebra.QRCompactWY, QRPivoted}) at /apps/easybuild/software/tinkercliffs-rome/Julia/1.7.2-linux-x86_64/share/julia/stdlib/v1.7/LinearAlgebra/src/qr.jl:509
  adjoint(!Matched::Union{Cholesky, CholeskyPivoted}) at /apps/easybuild/software/tinkercliffs-rome/Julia/1.7.2-linux-x86_64/share/julia/stdlib/v1.7/LinearAlgebra/src/cholesky.jl:538
  adjoint(!Matched::Union{FillArrays.AbstractOnes{T, 2} where T, FillArrays.AbstractZeros{T, 2} where T}) at ~/.julia/packages/FillArrays/p9YG6/src/fillalgebra.jl:10
  ...
Stacktrace:
 [1] top-level scope
   @ /localscratch/2061103/cluster_3_N40.jl:332
in expression starting at /localscratch/2061103/cluster_3_N40.jl:332
  Root         E(0)         E(2)
     1 -90.57179817 -90.57594607
     2 -90.50402459 -90.50838108
     3 -90.50390599 -90.50860348
     4 -90.50325202 -90.50794524
     5 -90.50310215 -90.50750053
     6 -90.43617452 -90.44102242
     7 -90.43608311 -90.44105324
     8 -90.43603745 -90.44106608
     9 -90.43560909 -90.44018940
    10 -90.43548855 -90.44022523
    11 -90.43535981 -90.43997787
    12 -90.43533961 -90.44037533
    13 -90.43532706 -90.43994973
    14 -90.43532669 -90.43993198
    15 -90.43532322 -90.43991602
    16 -90.43520403 -90.44050547
    17 -90.43518690 -90.44058924
    18 -90.43505712 -90.44018524
    19 -90.43503662 -90.44076020
    20 -90.43490813 -90.44029553
    21 -90.43458084 -90.43951827
    22 -90.43452872 -90.43950626
    23 -90.43450235 -90.43950436
    24 -90.42765281 -90.43171367
    25 -90.42760194 -90.43171828
    26 -90.42752197 -90.43285731
    27 -90.42727435 -90.43130721
    28 -90.42710510 -90.43110793
    29 -90.42665684 -90.43242610
    30 -90.42443509 -90.43044394
    31 -90.42368959 -90.42929693
 ......................................................................................|
225.569587 seconds (489.33 M allocations: 151.173 GiB, 51.86% gc time, 4.97% compilation time)
