 Remove duplicates
 Number of terms reduced from  9667 to  4039
IDX001:DIM4096:001|002|003|004|005|006|
IDX002:DIM4096:007|008|009|010|011|012|
IDX003:DIM4096:013|014|015|016|017|018|
IDX004:DIM4096:019|020|021|022|023|024|
IDX005:DIM4096:025|026|027|028|029|030|
IDX006:DIM4096:031|032|033|034|035|036|
IDX007:DIM4096:037|038|039|040|041|042|

 |== Tensor Product State CI =======================================
 Hamiltonian matrix dimension =     1: 
 Build full Hamiltonian matrix with dimension:       0.591244 seconds (1.03 M allocations: 53.756 MiB, 3.76% gc time, 99.77% compilation time)
 Now diagonalize
 Diagonalization time:                               0.000011 seconds
 Compute S2 expectation values:                      0.453574 seconds (492.26 k allocations: 26.522 MiB, 99.85% compilation time)
  Root       Energy           S2
     1 -122.55957577   0.00000000
 ==================================================================|

 |..................................do batched PT2......................................
 thresh_foi    :1.0e-8
 prescreen     :true
 H0            :Hcmf
 nbody         :4
 Norms of input states:
   1.00000000
 Compute <0|H0|0>:                                   0.000521 seconds (145 allocations: 6.594 KiB)
 Compute <0|H|0>:                                    0.000469 seconds (985 allocations: 35.469 KiB)
 Number of jobs:    2773
 Number of threads: 1
   |----------------------------------------------------------------------------------------------------|
   |0%                                                                                              100%|
   |---------------------------------------------------------------------------------------------------|
 Time spent computing E2        341.3 (s)
  Root         E(0)         E(2)
     1 -122.55957577 -122.62596261
 ......................................................................................|
343.252176 seconds (316.04 M allocations: 14.124 GiB, 1.54% gc time, 2.67% compilation time)
  0.000191 seconds (353 allocations: 13.672 KiB)
     1 -1582.33957245 -1459.84638352   0.00000000

 |== Tensor Product State CI =======================================
 Hamiltonian matrix dimension =     1: 
 Build full Hamiltonian matrix with dimension:       0.000845 seconds (1.03 k allocations: 34.359 KiB)
 Now diagonalize
 Diagonalization time:                               0.000003 seconds
 Compute S2 expectation values:                      0.000090 seconds (353 allocations: 13.672 KiB)
  Root       Energy           S2
     1 -122.55957577   0.00000000
 ==================================================================|

 |..................................do batched PT2......................................
 thresh_foi    :1.0e-8
 prescreen     :true
 H0            :Hcmf
 nbody         :4
 Norms of input states:
   1.00000000
 Compute <0|H0|0>:                                   0.000141 seconds (145 allocations: 6.594 KiB)
 Compute <0|H|0>:                                    0.000319 seconds (985 allocations: 35.469 KiB)
 Number of jobs:    2773
 Number of threads: 1
   |----------------------------------------------------------------------------------------------------|
   |0%                                                                                              100%|
   |---------------------------------------------------------------------------------------------------|
 Time spent computing E2        333.9 (s)
  Root         E(0)         E(2)
     1 -122.55957577 -122.62596261
 ......................................................................................|
333.879294 seconds (295.50 M allocations: 13.151 GiB, 1.27% gc time)
  0.000162 seconds (353 allocations: 13.672 KiB)
     1 -1582.33957245 -1459.84638352   0.00000000

 |== Tensor Product State CI =======================================
 Hamiltonian matrix dimension =     1: 
 Build full Hamiltonian matrix with dimension:       0.000411 seconds (1.03 k allocations: 34.359 KiB)
 Now diagonalize
 Diagonalization time:                               0.000003 seconds
 Compute S2 expectation values:                      0.000087 seconds (353 allocations: 13.672 KiB)
  Root       Energy           S2
     1 -122.55957577   0.00000000
 ==================================================================|

 |..................................do batched PT2......................................
 thresh_foi    :1.0e-8
 prescreen     :true
 H0            :Hcmf
 nbody         :4
 Norms of input states:
   1.00000000
 Compute <0|H0|0>:                                   0.000134 seconds (145 allocations: 6.594 KiB)
 Compute <0|H|0>:                                    0.000319 seconds (985 allocations: 35.469 KiB)
 Number of jobs:    2773
 Number of threads: 1
   |----------------------------------------------------------------------------------------------------|
   |0%                                                                                              100%|
   |---------------------------------------------------------------------------------------------------|
 Time spent computing E2        333.7 (s)
  Root         E(0)         E(2)
     1 -122.55957577 -122.62596261
 ......................................................................................|
333.738952 seconds (295.50 M allocations: 13.132 GiB, 1.28% gc time)
  0.000171 seconds (353 allocations: 13.672 KiB)
     1 -1582.33957245 -1459.84638352   0.00000000

 |== Tensor Product State CI =======================================
 Hamiltonian matrix dimension =     1: 
 Build full Hamiltonian matrix with dimension:       0.000404 seconds (1.03 k allocations: 34.359 KiB)
 Now diagonalize
 Diagonalization time:                               0.000003 seconds
 Compute S2 expectation values:                      0.000074 seconds (353 allocations: 13.672 KiB)
  Root       Energy           S2
     1 -122.55957577   0.00000000
 ==================================================================|

 |..................................do batched PT2......................................
 thresh_foi    :1.0e-8
 prescreen     :true
 H0            :Hcmf
 nbody         :4
 Norms of input states:
   1.00000000
 Compute <0|H0|0>:                                   0.000133 seconds (145 allocations: 6.594 KiB)
 Compute <0|H|0>:                                    0.000323 seconds (985 allocations: 35.469 KiB)
 Number of jobs:    2773
 Number of threads: 1
   |----------------------------------------------------------------------------------------------------|
   |0%                                                                                              100%|
   |---------------------------------------------------------------------------------------------------|
 Time spent computing E2        333.5 (s)
  Root         E(0)         E(2)
     1 -122.55957577 -122.62596261
 ......................................................................................|
333.542993 seconds (295.50 M allocations: 13.132 GiB, 1.28% gc time)
  0.000166 seconds (353 allocations: 13.672 KiB)
     1 -1582.33957245 -1459.84638352   0.00000000

 |== Tensor Product State CI =======================================
 Hamiltonian matrix dimension =     1: 
 Build full Hamiltonian matrix with dimension:       0.000433 seconds (1.03 k allocations: 34.359 KiB)
 Now diagonalize
 Diagonalization time:                               0.000003 seconds
 Compute S2 expectation values:                      0.000083 seconds (353 allocations: 13.672 KiB)
  Root       Energy           S2
     1 -122.55957577   0.00000000
 ==================================================================|

 |..................................do batched PT2......................................
 thresh_foi    :1.0e-8
 prescreen     :true
 H0            :Hcmf
 nbody         :4
 Norms of input states:
   1.00000000
 Compute <0|H0|0>:                                   0.000136 seconds (145 allocations: 6.594 KiB)
 Compute <0|H|0>:                                    0.000321 seconds (985 allocations: 35.469 KiB)
 Number of jobs:    2773
 Number of threads: 1
   |----------------------------------------------------------------------------------------------------|
   |0%                                                                                              100%|
   |---------------------------------------------------------------------------------------------------|
 Time spent computing E2        333.5 (s)
  Root         E(0)         E(2)
     1 -122.55957577 -122.62596261
 ......................................................................................|
333.466307 seconds (295.50 M allocations: 13.132 GiB, 1.28% gc time)
  0.000166 seconds (353 allocations: 13.672 KiB)
     1 -1582.33957245 -1459.84638352   0.00000000
